<?xml version="1.0" encoding="UTF-8"?>
<!-- Generated by org.testng.reporters.JUnitXMLReporter -->
<testsuite ignored="0" hostname="COG-SYS-053" failures="1" tests="2" name="Test" time="154.782" errors="0" timestamp="2021-06-11T19:29:53 IST">
  <testcase classname="testcases.SlaTest" name="verifyAddSLA" time="50.679"/>
  <testcase classname="testcases.SlaTest" name="verifyMandatoryValidation" time="69.253">
    <failure type="java.lang.AssertionError" message="java.lang.NullPointerException: Cannot invoke &amp;quot;org.openqa.selenium.WebElement.getText()&amp;quot; because &amp;quot;ele&amp;quot; is null">
      <![CDATA[java.lang.AssertionError: java.lang.NullPointerException: Cannot invoke "org.openqa.selenium.WebElement.getText()" because "ele" is null
at utils.WebBasePage.getText(WebBasePage.java:98)
at utils.WebBasePage.verifySuccessMessage(WebBasePage.java:364)
at pageobjects.SlaPage.verifyWarningMessage(SlaPage.java:297)
at action.SlaAction.addSLAWithoutMandatoryField(SlaAction.java:91)
at testcases.SlaTest.verifyMandatoryValidation(SlaTest.java:30)
at java.base/java.util.ArrayList.forEach(ArrayList.java:1511)
... Removed 28 stack frames]]>
    </failure>
  </testcase> <!-- verifyMandatoryValidation -->
</testsuite> <!-- Test -->
